<?xml version="1.0" encoding="UTF-8"?>
<testsuite name="com.MagicalArena.app.service.MagicalArenaServiceTest" tests="1" skipped="0" failures="0" errors="0" timestamp="2024-07-28T07:25:44" hostname="G5L1S8Y3E" time="0.044">
  <properties/>
  <testcase name="processGameInputs()" classname="com.MagicalArena.app.service.MagicalArenaServiceTest" time="0.044"/>
  <system-out><![CDATA[]]></system-out>
  <system-err><![CDATA[]]></system-err>
</testsuite>
