<?xml version="1.0" encoding="UTF-8"?>
<testsuite name="com.MagicalArena.app.service.ProcessInputServiceTest" tests="2" skipped="0" failures="0" errors="0" timestamp="2024-07-28T07:25:44" hostname="G5L1S8Y3E" time="0.008">
  <properties/>
  <testcase name="processInputString()" classname="com.MagicalArena.app.service.ProcessInputServiceTest" time="0.002"/>
  <testcase name="processInputIntegers()" classname="com.MagicalArena.app.service.ProcessInputServiceTest" time="0.003"/>
  <system-out><![CDATA[]]></system-out>
  <system-err><![CDATA[]]></system-err>
</testsuite>
